<?xml version="1.0" encoding="UTF-8"?>
<testng-results ignored="0" total="3" passed="3" failed="0" skipped="0">
  <reporter-output>
  </reporter-output>
  <suite started-at="2025-06-01T19:24:36 IST" name="Default suite" finished-at="2025-06-01T19:24:38 IST" duration-ms="1351">
    <groups>
      <group name="cucumber">
        <method signature="AbstractTestNGCucumberTests.runScenario(io.cucumber.testng.PickleWrapper,io.cucumber.testng.FeatureWrapper)[pri:0, instance:TestRunnerFiles.TestNGRunnerForFeatureCucumbeLearnExample@445b295b]" name="runScenario" class="io.cucumber.testng.AbstractTestNGCucumberTests"/>
      </group> <!-- cucumber -->
    </groups>
    <test started-at="2025-06-01T19:24:36 IST" name="Default test" finished-at="2025-06-01T19:24:38 IST" duration-ms="1351">
      <class name="TestRunnerFiles.TestNGRunnerForFeatureCucumbeLearnExample">
        <test-method is-config="true" signature="setUpClass(org.testng.ITestContext)[pri:0, instance:TestRunnerFiles.TestNGRunnerForFeatureCucumbeLearnExample@445b295b]" started-at="2025-06-01T19:24:36 IST" name="setUpClass" finished-at="2025-06-01T19:24:38 IST" duration-ms="1038" status="PASS">
          <params>
            <param index="0">
              <value>
                <![CDATA[org.testng.TestRunner@66d23e4a]]>
              </value>
            </param>
          </params>
          <reporter-output>
          </reporter-output>
        </test-method> <!-- setUpClass -->
        <test-method signature="runScenario(io.cucumber.testng.PickleWrapper,io.cucumber.testng.FeatureWrapper)[pri:0, instance:TestRunnerFiles.TestNGRunnerForFeatureCucumbeLearnExample@445b295b]" started-at="2025-06-01T19:24:38 IST" name="runScenario" description="Runs Cucumber Scenarios" data-provider="scenarios" finished-at="2025-06-01T19:24:38 IST" duration-ms="155" status="PASS">
          <params>
            <param index="0">
              <value>
                <![CDATA[""]]>
              </value>
            </param>
            <param index="1">
              <value>
                <![CDATA["Card payment selection page with Different card holder"]]>
              </value>
            </param>
          </params>
          <reporter-output>
          </reporter-output>
        </test-method> <!-- runScenario -->
        <test-method signature="runScenario(io.cucumber.testng.PickleWrapper,io.cucumber.testng.FeatureWrapper)[pri:0, instance:TestRunnerFiles.TestNGRunnerForFeatureCucumbeLearnExample@445b295b]" started-at="2025-06-01T19:24:38 IST" name="runScenario" description="Runs Cucumber Scenarios" data-provider="scenarios" finished-at="2025-06-01T19:24:38 IST" duration-ms="10" status="PASS">
          <params>
            <param index="0">
              <value>
                <![CDATA[""]]>
              </value>
            </param>
            <param index="1">
              <value>
                <![CDATA["Card payment selection page with Different card holder"]]>
              </value>
            </param>
          </params>
          <reporter-output>
          </reporter-output>
        </test-method> <!-- runScenario -->
        <test-method signature="runScenario(io.cucumber.testng.PickleWrapper,io.cucumber.testng.FeatureWrapper)[pri:0, instance:TestRunnerFiles.TestNGRunnerForFeatureCucumbeLearnExample@445b295b]" started-at="2025-06-01T19:24:38 IST" name="runScenario" description="Runs Cucumber Scenarios" data-provider="scenarios" finished-at="2025-06-01T19:24:38 IST" duration-ms="28" status="PASS">
          <params>
            <param index="0">
              <value>
                <![CDATA[""]]>
              </value>
            </param>
            <param index="1">
              <value>
                <![CDATA["Card payment selection page with Different card holder"]]>
              </value>
            </param>
          </params>
          <reporter-output>
          </reporter-output>
        </test-method> <!-- runScenario -->
        <test-method is-config="true" signature="tearDownClass()[pri:0, instance:TestRunnerFiles.TestNGRunnerForFeatureCucumbeLearnExample@445b295b]" started-at="2025-06-01T19:24:38 IST" name="tearDownClass" finished-at="2025-06-01T19:24:38 IST" duration-ms="38" status="PASS">
          <reporter-output>
          </reporter-output>
        </test-method> <!-- tearDownClass -->
      </class> <!-- TestRunnerFiles.TestNGRunnerForFeatureCucumbeLearnExample -->
    </test> <!-- Default test -->
  </suite> <!-- Default suite -->
</testng-results>
