<?xml version="1.0" encoding="UTF-8"?>
<testng-results ignored="0" total="3" passed="3" failed="0" skipped="0">
  <reporter-output>
  </reporter-output>
  <suite started-at="2025-06-01T14:45:38 IST" name="Default suite" finished-at="2025-06-01T14:45:47 IST" duration-ms="9405">
    <groups>
      <group name="cucumber">
        <method signature="AbstractTestNGCucumberTests.runScenario(io.cucumber.testng.PickleWrapper,io.cucumber.testng.FeatureWrapper)[pri:0, instance:TestRunnerFiles.TestRunnerOfSeleniumLearnFeature@445b295b]" name="runScenario" class="io.cucumber.testng.AbstractTestNGCucumberTests"/>
      </group> <!-- cucumber -->
    </groups>
    <test started-at="2025-06-01T14:45:38 IST" name="Default test" finished-at="2025-06-01T14:45:47 IST" duration-ms="9405">
      <class name="TestRunnerFiles.TestRunnerOfSeleniumLearnFeature">
        <test-method is-config="true" signature="setUpClass(org.testng.ITestContext)[pri:0, instance:TestRunnerFiles.TestRunnerOfSeleniumLearnFeature@445b295b]" started-at="2025-06-01T14:45:38 IST" name="setUpClass" finished-at="2025-06-01T14:45:39 IST" duration-ms="1003" status="PASS">
          <params>
            <param index="0">
              <value>
                <![CDATA[org.testng.TestRunner@cb03411]]>
              </value>
            </param>
          </params>
          <reporter-output>
          </reporter-output>
        </test-method> <!-- setUpClass -->
        <test-method signature="runScenario(io.cucumber.testng.PickleWrapper,io.cucumber.testng.FeatureWrapper)[pri:0, instance:TestRunnerFiles.TestRunnerOfSeleniumLearnFeature@445b295b]" started-at="2025-06-01T14:45:39 IST" name="runScenario" description="Runs Cucumber Scenarios" data-provider="scenarios" finished-at="2025-06-01T14:45:43 IST" duration-ms="4071" status="PASS">
          <params>
            <param index="0">
              <value>
                <![CDATA[""]]>
              </value>
            </param>
            <param index="1">
              <value>
                <![CDATA["Testing the search page item and deals page item"]]>
              </value>
            </param>
          </params>
          <reporter-output>
          </reporter-output>
        </test-method> <!-- runScenario -->
        <test-method signature="runScenario(io.cucumber.testng.PickleWrapper,io.cucumber.testng.FeatureWrapper)[pri:0, instance:TestRunnerFiles.TestRunnerOfSeleniumLearnFeature@445b295b]" started-at="2025-06-01T14:45:43 IST" name="runScenario" description="Runs Cucumber Scenarios" data-provider="scenarios" finished-at="2025-06-01T14:45:47 IST" duration-ms="4204" status="PASS">
          <params>
            <param index="0">
              <value>
                <![CDATA[""]]>
              </value>
            </param>
            <param index="1">
              <value>
                <![CDATA["Testing the search page item and deals page item"]]>
              </value>
            </param>
          </params>
          <reporter-output>
          </reporter-output>
        </test-method> <!-- runScenario -->
        <test-method signature="runScenario(io.cucumber.testng.PickleWrapper,io.cucumber.testng.FeatureWrapper)[pri:0, instance:TestRunnerFiles.TestRunnerOfSeleniumLearnFeature@445b295b]" started-at="2025-06-01T14:45:47 IST" name="runScenario" description="Runs Cucumber Scenarios" data-provider="scenarios" finished-at="2025-06-01T14:45:47 IST" duration-ms="10" status="PASS">
          <params>
            <param index="0">
              <value>
                <![CDATA[""]]>
              </value>
            </param>
            <param index="1">
              <value>
                <![CDATA["Testing the search page item and deals page item"]]>
              </value>
            </param>
          </params>
          <reporter-output>
          </reporter-output>
        </test-method> <!-- runScenario -->
        <test-method is-config="true" signature="tearDownClass()[pri:0, instance:TestRunnerFiles.TestRunnerOfSeleniumLearnFeature@445b295b]" started-at="2025-06-01T14:45:47 IST" name="tearDownClass" finished-at="2025-06-01T14:45:47 IST" duration-ms="45" status="PASS">
          <reporter-output>
          </reporter-output>
        </test-method> <!-- tearDownClass -->
      </class> <!-- TestRunnerFiles.TestRunnerOfSeleniumLearnFeature -->
    </test> <!-- Default test -->
  </suite> <!-- Default suite -->
</testng-results>
